17:05:30.849 [ajour][INFO] Ajour 1.0.1 has started.
17:05:30.854 [ajour::gui][DEBUG] config loaded:
Config {
    wow: Wow {
        directory: None,
        directories: {
            Retail: "/home/thorsten/Games/battlenet/drive_c/Program Files (x86)/World of Warcraft/_retail_",
        },
        flavor: Retail,
    },
    addons: Addons {
        global_release_channel: Stable,
        ignored: {
            Retail: [
                "MythicDungeonTools",
            ],
        },
        release_channels: {
            Retail: {
                "BigWigs": Stable,
                "RUF": Stable,
            },
        },
        delete_saved_variables: false,
    },
    theme: Some(
        "Dark",
    ),
    column_config: V3 {
        my_addons_columns: [
            ColumnConfigV2 {
                key: "title",
                width: None,
                hidden: false,
            },
            ColumnConfigV2 {
                key: "local",
                width: Some(
                    150,
                ),
                hidden: false,
            },
            ColumnConfigV2 {
                key: "remote",
                width: Some(
                    150,
                ),
                hidden: false,
            },
            ColumnConfigV2 {
                key: "status",
                width: Some(
                    85,
                ),
                hidden: false,
            },
            ColumnConfigV2 {
                key: "channel",
                width: Some(
                    85,
                ),
                hidden: true,
            },
            ColumnConfigV2 {
                key: "author",
                width: Some(
                    85,
                ),
                hidden: true,
            },
            ColumnConfigV2 {
                key: "game_version",
                width: Some(
                    110,
                ),
                hidden: true,
            },
            ColumnConfigV2 {
                key: "date_released",
                width: Some(
                    110,
                ),
                hidden: true,
            },
            ColumnConfigV2 {
                key: "source",
                width: Some(
                    110,
                ),
                hidden: true,
            },
        ],
        catalog_columns: [
            ColumnConfigV2 {
                key: "addon",
                width: Some(
                    387,
                ),
                hidden: false,
            },
            ColumnConfigV2 {
                key: "description",
                width: None,
                hidden: false,
            },
            ColumnConfigV2 {
                key: "source",
                width: Some(
                    85,
                ),
                hidden: false,
            },
            ColumnConfigV2 {
                key: "num_downloads",
                width: Some(
                    105,
                ),
                hidden: false,
            },
            ColumnConfigV2 {
                key: "game_version",
                width: Some(
                    105,
                ),
                hidden: true,
            },
            ColumnConfigV2 {
                key: "date_released",
                width: Some(
                    105,
                ),
                hidden: false,
            },
            ColumnConfigV2 {
                key: "install",
                width: Some(
                    85,
                ),
                hidden: false,
            },
        ],
        aura_columns: [],
    },
    window_size: Some(
        (
            1918,
            1052,
        ),
    ),
    scale: Some(
        1.0,
    ),
    backup_directory: None,
    backup_addons: false,
    backup_wtf: false,
    hide_ignored_addons: false,
    self_update_channel: Stable,
    weak_auras_account: {
        Retail: "JERUSALEMX",
    },
    alternating_row_colors: true,
    language: English,
    catalog_source: Some(
        Curse,
    ),
    auto_update: false,
    compression_format: Zip,
}
17:05:30.855 [ajour::gui][DEBUG] antialiasing: true
17:05:30.948 [ajour_core::theme][DEBUG] loading user themes
17:05:30.948 [ajour_core::utility][DEBUG] checking for application update
17:05:30.950 [ajour_core::fs::theme][DEBUG] loaded 0 user themes
17:05:30.963 [ajour::gui::update][DEBUG] Message::CachesLoaded(error: false)
17:05:30.963 [ajour::gui::update][DEBUG] Message::ThemesLoaded(0 themes)
17:05:30.965 [ajour::gui::update][DEBUG] Message::Parse
17:05:30.968 [ajour::gui::update][DEBUG] preparing to parse addons in "/home/thorsten/Games/battlenet/drive_c/Program Files (x86)/World of Warcraft/_retail_/Interface/AddOns"
17:05:30.968 [ajour_core::parse][DEBUG] Retail - parsing addons folder
17:05:30.968 [ajour_core::parse][DEBUG] Retail - 132 folders in AddOns directory to parse
17:05:30.969 [ajour::gui::update][DEBUG] Message::CheckWeakAurasInstalled(Retail, is_installed: true)
17:05:30.972 [ajour_core::parse][DEBUG] Retail - 132 fingerprints: 132 cached, 0 calculated, 0 added, 0 removed
17:05:30.972 [ajour::gui::update][DEBUG] Message::ListWeakAurasAccounts(Retail, num_accounts: 1)
17:05:31.008 [ajour_core::parse][DEBUG] Retail - 132 addon folders successfully parsed from '.toc'
17:05:31.008 [ajour_core::parse][DEBUG] Retail - 2 valid cache entries retrieved
17:05:31.008 [ajour_core::parse][DEBUG] Retail - 130 unique fingerprints to check against curse api
17:05:31.469 [ajour::gui::update][DEBUG] Message::LatestRelease(Some("1.3.1"))
17:05:32.078 [ajour::gui::update][DEBUG] Message::ParsedAuras(Retail, num_auras: 40)
